<?xml version="1.0" encoding="UTF-8"?>
<!-- Generated by org.testng.reporters.JUnitReportReporter -->
<testsuite hostname="TYSS-Lakshmi" failures="0" tests="1" name="com.VTiger.CRM.TestNgUsageTest.phase5_contacts.Tc001_CreateContacts" time="21.567" errors="0" timestamp="2024-06-11T14:41:40 IST" skipped="0">
  <testcase classname="com.VTiger.CRM.TestNgUsageTest.phase5_contacts.Tc001_CreateContacts" name="createContact" time="21.567"/>
</testsuite> <!-- com.VTiger.CRM.TestNgUsageTest.phase5_contacts.Tc001_CreateContacts -->
