<?xml version="1.0" encoding="UTF-8"?>
<!-- Generated by org.testng.reporters.JUnitReportReporter -->
<testsuite hostname="TYSS-Lakshmi" failures="0" tests="2" name="practice.TestNg.TestCreation" time="0.020" errors="0" timestamp="2024-06-10T17:04:37 IST" skipped="0">
  <testcase classname="practice.TestNg.TestCreation" name="createContact" time="0.018"/>
  <testcase classname="practice.TestNg.TestCreation" name="deleteContact" time="0.002"/>
</testsuite> <!-- practice.TestNg.TestCreation -->
