<?xml version="1.0" encoding="UTF-8"?>
<!-- Generated by org.testng.reporters.JUnitReportReporter -->
<testsuite hostname="TYSS-Lakshmi" failures="0" tests="1" name="com.VTiger.CRM.TestNgUsageTest.phase5_organization.Tc001_CreateOrganization" time="21.964" errors="0" timestamp="2024-06-11T14:41:40 IST" skipped="0">
  <testcase classname="com.VTiger.CRM.TestNgUsageTest.phase5_organization.Tc001_CreateOrganization" name="createOrg" time="21.964"/>
</testsuite> <!-- com.VTiger.CRM.TestNgUsageTest.phase5_organization.Tc001_CreateOrganization -->
