<?xml version="1.0" encoding="UTF-8"?>
<!-- Generated by org.testng.reporters.JUnitReportReporter -->
<testsuite hostname="TYSS-Lakshmi" failures="0" tests="3" name="practice.TestNg.DependsOnMethodAnnotationTest" time="0.018" errors="0" timestamp="2024-06-10T18:06:51 IST" skipped="0">
  <testcase classname="practice.TestNg.DependsOnMethodAnnotationTest" name="createContactTest" time="0.014"/>
  <testcase classname="practice.TestNg.DependsOnMethodAnnotationTest" name="deleteContactTest" time="0.002"/>
  <testcase classname="practice.TestNg.DependsOnMethodAnnotationTest" name="modifiyingContactTest" time="0.002"/>
</testsuite> <!-- practice.TestNg.DependsOnMethodAnnotationTest -->
