<?xml version="1.0" encoding="UTF-8"?>
<!-- Generated by org.testng.reporters.JUnitReportReporter -->
<testsuite hostname="TYSS-Lakshmi" failures="0" tests="1" name="com.vTiger.crm.testNgTest.TC002_CreatingContactsBySelectingOrganizationTest" time="18.523" errors="0" timestamp="2024-06-18T11:47:38 IST" skipped="0">
  <testcase classname="com.vTiger.crm.testNgTest.TC002_CreatingContactsBySelectingOrganizationTest" name="createContactWithOrg" time="18.523"/>
</testsuite> <!-- com.vTiger.crm.testNgTest.TC002_CreatingContactsBySelectingOrganizationTest -->
