<?xml version="1.0" encoding="UTF-8"?>
<!-- Generated by org.testng.reporters.JUnitReportReporter -->
<testsuite hostname="TYSS-Lakshmi" failures="0" tests="10" name="practice.TestNg.InvocationCountTest" time="0.037" errors="0" timestamp="2024-06-10T18:03:38 IST" skipped="0">
  <testcase classname="practice.TestNg.InvocationCountTest" name="printData" time="0.002"/>
  <testcase classname="practice.TestNg.InvocationCountTest" name="printData" time="0.003"/>
  <testcase classname="practice.TestNg.InvocationCountTest" name="printData" time="0.002"/>
  <testcase classname="practice.TestNg.InvocationCountTest" name="printData" time="0.003"/>
  <testcase classname="practice.TestNg.InvocationCountTest" name="printData" time="0.001"/>
  <testcase classname="practice.TestNg.InvocationCountTest" name="printData" time="0.003"/>
  <testcase classname="practice.TestNg.InvocationCountTest" name="printData" time="0.002"/>
  <testcase classname="practice.TestNg.InvocationCountTest" name="printData" time="0.002"/>
  <testcase classname="practice.TestNg.InvocationCountTest" name="printData" time="0.002"/>
  <testcase classname="practice.TestNg.InvocationCountTest" name="printData" time="0.017"/>
</testsuite> <!-- practice.TestNg.InvocationCountTest -->
