<?xml version="1.0" encoding="UTF-8"?>
<!-- Generated by org.testng.reporters.JUnitReportReporter -->
<testsuite hostname="TYSS-Lakshmi" failures="0" tests="3" name="practice.TestNg.TestAnnotationCreationandExecutionTest" time="0.024" errors="0" timestamp="2024-06-10T17:50:08 IST" skipped="0">
  <testcase classname="practice.TestNg.TestAnnotationCreationandExecutionTest" name="createContactTest" time="0.016"/>
  <testcase classname="practice.TestNg.TestAnnotationCreationandExecutionTest" name="deleteContactTest" time="0.004"/>
  <testcase classname="practice.TestNg.TestAnnotationCreationandExecutionTest" name="modifiyingContactTest" time="0.004"/>
</testsuite> <!-- practice.TestNg.TestAnnotationCreationandExecutionTest -->
