<?xml version="1.0" encoding="UTF-8"?>
<!-- Generated by org.testng.reporters.JUnitReportReporter -->
<testsuite hostname="TYSS-Lakshmi" failures="0" tests="1" name="practice.TestNg.TestNGPractice_2" time="0.003" errors="0" timestamp="2024-06-13T08:46:08 IST" skipped="0">
  <testcase classname="practice.TestNg.TestNGPractice_2" name="test2" time="0.003"/>
</testsuite> <!-- practice.TestNg.TestNGPractice_2 -->
