<?xml version="1.0" encoding="UTF-8"?>
<!-- Generated by org.testng.reporters.JUnitReportReporter -->
<testsuite hostname="TYSS-Lakshmi" failures="0" tests="2" name="com.vTiger.crm.testNgTest.TC004_Create_and_Delete_OrganizationTest" time="26.697" errors="0" timestamp="2024-06-18T11:47:38 IST" skipped="0">
  <testcase classname="com.vTiger.crm.testNgTest.TC004_Create_and_Delete_OrganizationTest" name="createOrg" time="11.007"/>
  <testcase classname="com.vTiger.crm.testNgTest.TC004_Create_and_Delete_OrganizationTest" name="createOrgandDelete" time="15.690"/>
</testsuite> <!-- com.vTiger.crm.testNgTest.TC004_Create_and_Delete_OrganizationTest -->
