<?xml version="1.0" encoding="UTF-8"?>
<!-- Generated by org.testng.reporters.JUnitReportReporter -->
<testsuite hostname="TYSS-Lakshmi" failures="0" tests="3" name="practice.extentReport.SampleReportTest2" time="0.030" errors="0" timestamp="2024-06-14T13:10:39 IST" skipped="0">
  <testcase classname="practice.extentReport.SampleReportTest2" name="createContactWithOrgTest" time="0.024"/>
  <testcase classname="practice.extentReport.SampleReportTest2" name="createContatctTest" time="0.003"/>
  <testcase classname="practice.extentReport.SampleReportTest2" name="createContactWithPhonenumTest" time="0.003"/>
</testsuite> <!-- practice.extentReport.SampleReportTest2 -->
