<?xml version="1.0" encoding="UTF-8"?>
<!-- Generated by org.testng.reporters.JUnitReportReporter -->
<testsuite hostname="TYSS-Lakshmi" failures="0" tests="2" name="practice.Listener.ListenerTestNGPractice" time="0.020" errors="0" timestamp="2024-06-17T13:10:44 IST" skipped="0">
  <testcase classname="practice.Listener.ListenerTestNGPractice" name="test2" time="0.007"/>
  <testcase classname="practice.Listener.ListenerTestNGPractice" name="test1" time="0.013"/>
</testsuite> <!-- practice.Listener.ListenerTestNGPractice -->
