<?xml version="1.0" encoding="UTF-8"?>
<!-- Generated by org.testng.reporters.JUnitReportReporter -->
<testsuite hostname="TYSS-Lakshmi" failures="0" tests="2" name="practice.TestNg.TestNGPractice" time="0.015" errors="0" timestamp="2024-06-13T08:38:05 IST" skipped="0">
  <testcase classname="practice.TestNg.TestNGPractice" name="test1" time="0.011"/>
  <testcase classname="practice.TestNg.TestNGPractice" name="test2" time="0.004"/>
</testsuite> <!-- practice.TestNg.TestNGPractice -->
