<?xml version="1.0" encoding="UTF-8"?>
<!-- Generated by org.testng.reporters.JUnitReportReporter -->
<testsuite hostname="TYSS-Lakshmi" failures="0" tests="1" name="com.vTiger.crm.testNgTest.TC006_CreateOpportunityTest" time="39.999" errors="0" timestamp="2024-06-20T14:53:26 IST" skipped="0">
  <testcase classname="com.vTiger.crm.testNgTest.TC006_CreateOpportunityTest" name="createOpportunity" time="39.999"/>
</testsuite> <!-- com.vTiger.crm.testNgTest.TC006_CreateOpportunityTest -->
