<?xml version="1.0" encoding="UTF-8"?>
<!-- Generated by org.testng.reporters.JUnitReportReporter -->
<testsuite hostname="TYSS-Lakshmi" failures="0" tests="4" name="practice.TestNg.DataProviderTest" time="0.017" errors="0" timestamp="2024-06-13T07:17:56 IST" skipped="0">
  <testcase classname="practice.TestNg.DataProviderTest" name="bookedDataTest" time="0.003"/>
  <testcase classname="practice.TestNg.DataProviderTest" name="bookedDataTest" time="0.010"/>
  <testcase classname="practice.TestNg.DataProviderTest" name="bookedDataTest" time="0.003"/>
  <testcase classname="practice.TestNg.DataProviderTest" name="bookedDataTest" time="0.001"/>
</testsuite> <!-- practice.TestNg.DataProviderTest -->
