<?xml version="1.0" encoding="UTF-8"?>
<!-- Generated by org.testng.reporters.JUnitReportReporter -->
<testsuite hostname="TYSS-Lakshmi" failures="0" tests="1" name="practice.extentReport.CreateContact" time="0.020" errors="0" timestamp="2024-06-14T12:23:04 IST" skipped="0">
  <testcase classname="practice.extentReport.CreateContact" name="configCreate" time="0.020"/>
</testsuite> <!-- practice.extentReport.CreateContact -->
