<?xml version="1.0" encoding="UTF-8"?>
<!-- Generated by org.testng.reporters.JUnitReportReporter -->
<testsuite hostname="TYSS-Lakshmi" failures="0" tests="1" name="com.VTiger.CRM.TestNgUsageTest.phase5_organization.Tc002_CreateOrganizeandDeleteOrganization" time="31.063" errors="0" timestamp="2024-06-11T14:41:40 IST" skipped="0">
  <testcase classname="com.VTiger.CRM.TestNgUsageTest.phase5_organization.Tc002_CreateOrganizeandDeleteOrganization" name="createOrgandDelete" time="31.063"/>
</testsuite> <!-- com.VTiger.CRM.TestNgUsageTest.phase5_organization.Tc002_CreateOrganizeandDeleteOrganization -->
