<?xml version="1.0" encoding="UTF-8"?>
<!-- Generated by org.testng.reporters.JUnitReportReporter -->
<testsuite hostname="TYSS-Lakshmi" failures="0" tests="3" name="practice.TestNg.AddingPriorityAnnotation" time="0.019" errors="0" timestamp="2024-06-10T17:13:05 IST" skipped="0">
  <testcase classname="practice.TestNg.AddingPriorityAnnotation" name="createContact" time="0.013"/>
  <testcase classname="practice.TestNg.AddingPriorityAnnotation" name="modifiyingContact" time="0.003"/>
  <testcase classname="practice.TestNg.AddingPriorityAnnotation" name="deleteContact" time="0.003"/>
</testsuite> <!-- practice.TestNg.AddingPriorityAnnotation -->
