<?xml version="1.0" encoding="UTF-8"?>
<!-- Generated by org.testng.reporters.JUnitReportReporter -->
<testsuite hostname="TYSS-Lakshmi" failures="0" tests="3" name="practice.TestNg.ConfigurationDataTest" time="0.023" errors="0" timestamp="2024-06-18T17:10:17 IST" skipped="0">
  <testcase classname="practice.TestNg.ConfigurationDataTest" name="testScript2" time="0.004"/>
  <testcase classname="practice.TestNg.ConfigurationDataTest" name="testScript3" time="0.007"/>
  <testcase classname="practice.TestNg.ConfigurationDataTest" name="testScript1" time="0.012"/>
</testsuite> <!-- practice.TestNg.ConfigurationDataTest -->
